stdin:
       When         Duration
       2.87700 Successful Suspend. Resume cause: WAKE32, bcmsdh_sdmmc.
       3.05200 Successful Suspend. Resume cause: WAKE32, bcmsdh_sdmmc.
       0.01289 Failed on wakelock wlan_rx_wake (Aborted in Freezer).
       2.68900 Successful Suspend. Resume cause: WAKE32, bcmsdh_sdmmc.
       0.01417 Failed on wakelock wlan_rx_wake (Aborted in Freezer).
       0.26223 Failed on wakelock event2-132 (Wakelock during power_suspend_late)

Suspend blocking wakelocks:
  wlan_rx_wake                        2  50.00%
  event2-132                          1  25.00%
  event2-238                          1  25.00%

Suspends:
  3 suspends aborted (50.00%).
  3 suspends succeeded (50.00%).
  total time: 8.618000 seconds (59.50%).
  minimum: 2.689000 seconds.
  maximum: 3.052000 seconds.
  mean: 2.872667 seconds.
  mode: 2 seconds.
  median: 2 seconds.

Time between successful suspends:
  total time: 5.866085 seconds (40.50%).
  minimum: 2.368570 seconds.
  maximum: 3.497515 seconds.
  mean: 2.933042 seconds.
  mode: 3 seconds.
  median: 3 seconds.
